<?xml version="1.0" encoding="UTF-8"?>
<testsuite xmlns:xsi="http://www.w3.org/2001/XMLSchema-instance" xsi:noNamespaceSchemaLocation="https://maven.apache.org/surefire/maven-surefire-plugin/xsd/surefire-test-report.xsd" name="edu.postech.csed332.homework3.DoubleParentPointerMutableTreeTest" time="0.118" tests="4" errors="0" skipped="0" failures="3">
  <properties>
[...]
</properties>
  <testcase name="testGetDepthTwo" classname="edu.postech.csed332.homework3.DoubleParentPointerMutableTreeTest" time="0.086">
    <failure message="expected: &lt;0&gt; but was: &lt;1&gt;" type="org.opentest4j.AssertionFailedError"><![CDATA[org.opentest4j.AssertionFailedError: expected: <0> but was: <1>
]]></failure>
  </testcase>
  <testcase name="testGetDepthNoVertex" classname="edu.postech.csed332.homework3.DoubleParentPointerMutableTreeTest" time="0.006">
    <failure message="expected: &lt;true&gt; but was: &lt;false&gt;" type="org.opentest4j.AssertionFailedError"><![CDATA[org.opentest4j.AssertionFailedError: expected: <true> but was: <false>
]]></failure>
  </testcase>
  <testcase name="testGetDepthNoRoot" classname="edu.postech.csed332.homework3.DoubleParentPointerMutableTreeTest" time="0.003">
    <failure message="Expected java.lang.IllegalStateException to be thrown, but nothing was thrown." type="org.opentest4j.AssertionFailedError">org.opentest4j.AssertionFailedError: Expected java.lang.IllegalStateException to be thrown, but nothing was thrown.
</failure>
  </testcase>
  <testcase name="testGetDepthRoot" classname="edu.postech.csed332.homework3.DoubleParentPointerMutableTreeTest" time="0.002"/>
</testsuite>