<?xml version="1.0" encoding="UTF-8"?>
<testsuite xmlns:xsi="http://www.w3.org/2001/XMLSchema-instance" xsi:noNamespaceSchemaLocation="https://maven.apache.org/surefire/maven-surefire-plugin/xsd/surefire-test-report.xsd" name="edu.postech.csed332.homework3.DoubleParentPointerMutableTreeTest" time="0.104" tests="25" errors="0" skipped="0" failures="17">
  <properties>
[...]
</properties>
  <testcase name="testGetDepthTwo" classname="edu.postech.csed332.homework3.DoubleParentPointerMutableTreeTest" time="0.052">
    <failure message="expected: &lt;0&gt; but was: &lt;1&gt;" type="org.opentest4j.AssertionFailedError"><![CDATA[org.opentest4j.AssertionFailedError: expected: <0> but was: <1>
]]></failure>
  </testcase>
  <testcase name="testAddEdgeNoSource" classname="edu.postech.csed332.homework3.DoubleParentPointerMutableTreeTest" time="0.001"/>
  <testcase name="testRemoveEdgeWrongTarget" classname="edu.postech.csed332.homework3.DoubleParentPointerMutableTreeTest" time="0.003">
    <failure message="expected: &lt;true&gt; but was: &lt;false&gt;" type="org.opentest4j.AssertionFailedError"><![CDATA[org.opentest4j.AssertionFailedError: expected: <true> but was: <false>
]]></failure>
  </testcase>
  <testcase name="testAddEdge" classname="edu.postech.csed332.homework3.DoubleParentPointerMutableTreeTest" time="0.001">
    <failure message="expected: &lt;true&gt; but was: &lt;false&gt;" type="org.opentest4j.AssertionFailedError"><![CDATA[org.opentest4j.AssertionFailedError: expected: <true> but was: <false>
]]></failure>
  </testcase>
  <testcase name="testGetChildren" classname="edu.postech.csed332.homework3.DoubleParentPointerMutableTreeTest" time="0.002">
    <failure message="expected: &lt;0&gt; but was: &lt;2&gt;" type="org.opentest4j.AssertionFailedError"><![CDATA[org.opentest4j.AssertionFailedError: expected: <0> but was: <2>
]]></failure>
  </testcase>
  <testcase name="testGetHeightNoRoot" classname="edu.postech.csed332.homework3.DoubleParentPointerMutableTreeTest" time="0.003">
    <failure message="Expected java.lang.IllegalStateException to be thrown, but nothing was thrown." type="org.opentest4j.AssertionFailedError">org.opentest4j.AssertionFailedError: Expected java.lang.IllegalStateException to be thrown, but nothing was thrown.
</failure>
  </testcase>
  <testcase name="testGetChildrenEmpty" classname="edu.postech.csed332.homework3.DoubleParentPointerMutableTreeTest" time="0.001"/>
  <testcase name="testGetParentEmpty" classname="edu.postech.csed332.homework3.DoubleParentPointerMutableTreeTest" time="0"/>
  <testcase name="testAddEdgeDuplicate" classname="edu.postech.csed332.homework3.DoubleParentPointerMutableTreeTest" time="0">
    <failure message="expected: &lt;true&gt; but was: &lt;false&gt;" type="org.opentest4j.AssertionFailedError"><![CDATA[org.opentest4j.AssertionFailedError: expected: <true> but was: <false>
]]></failure>
  </testcase>
  <testcase name="testRemoveVertexMultiple" classname="edu.postech.csed332.homework3.DoubleParentPointerMutableTreeTest" time="0.001">
    <failure message="expected: &lt;true&gt; but was: &lt;false&gt;" type="org.opentest4j.AssertionFailedError"><![CDATA[org.opentest4j.AssertionFailedError: expected: <true> but was: <false>
]]></failure>
  </testcase>
  <testcase name="testGetDepthNoVertex" classname="edu.postech.csed332.homework3.DoubleParentPointerMutableTreeTest" time="0.001">
    <failure message="expected: &lt;true&gt; but was: &lt;false&gt;" type="org.opentest4j.AssertionFailedError"><![CDATA[org.opentest4j.AssertionFailedError: expected: <true> but was: <false>
]]></failure>
  </testcase>
  <testcase name="testGetChildrenNotFound" classname="edu.postech.csed332.homework3.DoubleParentPointerMutableTreeTest" time="0.001"/>
  <testcase name="testAddEdgeExistingTarget" classname="edu.postech.csed332.homework3.DoubleParentPointerMutableTreeTest" time="0.001">
    <failure message="expected: &lt;true&gt; but was: &lt;false&gt;" type="org.opentest4j.AssertionFailedError"><![CDATA[org.opentest4j.AssertionFailedError: expected: <true> but was: <false>
]]></failure>
  </testcase>
  <testcase name="testRemoveVertex" classname="edu.postech.csed332.homework3.DoubleParentPointerMutableTreeTest" time="0.002">
    <failure message="expected: &lt;true&gt; but was: &lt;false&gt;" type="org.opentest4j.AssertionFailedError"><![CDATA[org.opentest4j.AssertionFailedError: expected: <true> but was: <false>
]]></failure>
  </testcase>
  <testcase name="testGetDepthNoRoot" classname="edu.postech.csed332.homework3.DoubleParentPointerMutableTreeTest" time="0.002">
    <failure message="Expected java.lang.IllegalStateException to be thrown, but nothing was thrown." type="org.opentest4j.AssertionFailedError">org.opentest4j.AssertionFailedError: Expected java.lang.IllegalStateException to be thrown, but nothing was thrown.
</failure>
  </testcase>
  <testcase name="testGetDepthRoot" classname="edu.postech.csed332.homework3.DoubleParentPointerMutableTreeTest" time="0.001"/>
  <testcase name="testRemoveEdge" classname="edu.postech.csed332.homework3.DoubleParentPointerMutableTreeTest" time="0.001">
    <failure message="expected: &lt;true&gt; but was: &lt;false&gt;" type="org.opentest4j.AssertionFailedError"><![CDATA[org.opentest4j.AssertionFailedError: expected: <true> but was: <false>
]]></failure>
  </testcase>
  <testcase name="testRemoveVertexNotFound" classname="edu.postech.csed332.homework3.DoubleParentPointerMutableTreeTest" time="0"/>
  <testcase name="testAddVertex" classname="edu.postech.csed332.homework3.DoubleParentPointerMutableTreeTest" time="0.001">
    <failure message="expected: &lt;true&gt; but was: &lt;false&gt;" type="org.opentest4j.AssertionFailedError"><![CDATA[org.opentest4j.AssertionFailedError: expected: <true> but was: <false>
]]></failure>
  </testcase>
  <testcase name="testGetHeight" classname="edu.postech.csed332.homework3.DoubleParentPointerMutableTreeTest" time="0.001">
    <failure message="expected: &lt;0&gt; but was: &lt;1&gt;" type="org.opentest4j.AssertionFailedError"><![CDATA[org.opentest4j.AssertionFailedError: expected: <0> but was: <1>
]]></failure>
  </testcase>
  <testcase name="testGetParentNotFound" classname="edu.postech.csed332.homework3.DoubleParentPointerMutableTreeTest" time="0"/>
  <testcase name="testGetParent" classname="edu.postech.csed332.homework3.DoubleParentPointerMutableTreeTest" time="0">
    <failure message="expected: &lt;true&gt; but was: &lt;false&gt;" type="org.opentest4j.AssertionFailedError"><![CDATA[org.opentest4j.AssertionFailedError: expected: <true> but was: <false>
]]></failure>
  </testcase>
  <testcase name="testRemoveEdgeMultiple" classname="edu.postech.csed332.homework3.DoubleParentPointerMutableTreeTest" time="0.001">
    <failure message="expected: &lt;true&gt; but was: &lt;false&gt;" type="org.opentest4j.AssertionFailedError"><![CDATA[org.opentest4j.AssertionFailedError: expected: <true> but was: <false>
]]></failure>
  </testcase>
  <testcase name="testAddVertexNotEmpty" classname="edu.postech.csed332.homework3.DoubleParentPointerMutableTreeTest" time="0.001">
    <failure message="expected: &lt;true&gt; but was: &lt;false&gt;" type="org.opentest4j.AssertionFailedError"><![CDATA[org.opentest4j.AssertionFailedError: expected: <true> but was: <false>
]]></failure>
  </testcase>
  <testcase name="testRemoveEdgeEmpty" classname="edu.postech.csed332.homework3.DoubleParentPointerMutableTreeTest" time="0"/>
</testsuite>